2025-09-18T11:54:01.074-04:00  INFO 14166 --- [learning] [main] c.personal.learning.LearningApplication  : Starting LearningApplication using Java 21.0.1 with PID 14166 (/Users/aravind/Desktop/CodeMe/learning-spring/target/classes started by aravind in /Users/aravind/Desktop/CodeMe/learning-spring)
2025-09-18T11:54:01.077-04:00 DEBUG 14166 --- [learning] [main] c.personal.learning.LearningApplication  : Running with Spring Boot v3.5.5, Spring v6.2.10
2025-09-18T11:54:01.078-04:00  INFO 14166 --- [learning] [main] c.personal.learning.LearningApplication  : No active profile set, falling back to 1 default profile: "default"
2025-09-18T11:54:01.571-04:00  INFO 14166 --- [learning] [main] o.s.b.w.embedded.tomcat.TomcatWebServer  : Tomcat initialized with port 8080 (http)
2025-09-18T11:54:01.578-04:00  INFO 14166 --- [learning] [main] o.apache.catalina.core.StandardService   : Starting service [Tomcat]
2025-09-18T11:54:01.579-04:00  INFO 14166 --- [learning] [main] o.apache.catalina.core.StandardEngine    : Starting Servlet engine: [Apache Tomcat/10.1.44]
2025-09-18T11:54:01.610-04:00  INFO 14166 --- [learning] [main] o.a.c.c.C.[Tomcat].[localhost].[/]       : Initializing Spring embedded WebApplicationContext
2025-09-18T11:54:01.610-04:00  INFO 14166 --- [learning] [main] w.s.c.ServletWebServerApplicationContext : Root WebApplicationContext: initialization completed in 501 ms
2025-09-18T11:54:01.871-04:00  INFO 14166 --- [learning] [main] o.s.b.w.embedded.tomcat.TomcatWebServer  : Tomcat started on port 8080 (http) with context path '/'
2025-09-18T11:54:01.876-04:00  INFO 14166 --- [learning] [main] c.personal.learning.LearningApplication  : Started LearningApplication in 1.038 seconds (process running for 1.343)
2025-09-18T11:56:05.422-04:00  INFO 14166 --- [learning] [http-nio-8080-exec-2] o.a.c.c.C.[Tomcat].[localhost].[/]       : Initializing Spring DispatcherServlet 'dispatcherServlet'
2025-09-18T11:56:05.426-04:00  INFO 14166 --- [learning] [http-nio-8080-exec-2] o.s.web.servlet.DispatcherServlet        : Initializing Servlet 'dispatcherServlet'
2025-09-18T11:56:05.450-04:00  INFO 14166 --- [learning] [http-nio-8080-exec-2] o.s.web.servlet.DispatcherServlet        : Completed initialization in 21 ms
2025-09-18T11:56:05.502-04:00  INFO 14166 --- [learning] [http-nio-8080-exec-2] o.a.k.clients.producer.ProducerConfig    : ProducerConfig values: 
	acks = -1
	auto.include.jmx.reporter = true
	batch.size = 16384
	bootstrap.servers = [localhost:9092]
	buffer.memory = 33554432
	client.dns.lookup = use_all_dns_ips
	client.id = learning-producer-1
	compression.gzip.level = -1
	compression.lz4.level = 9
	compression.type = none
	compression.zstd.level = 3
	connections.max.idle.ms = 540000
	delivery.timeout.ms = 120000
	enable.idempotence = true
	enable.metrics.push = true
	interceptor.classes = []
	key.serializer = class org.apache.kafka.common.serialization.StringSerializer
	linger.ms = 0
	max.block.ms = 60000
	max.in.flight.requests.per.connection = 5
	max.request.size = 1048576
	metadata.max.age.ms = 300000
	metadata.max.idle.ms = 300000
	metadata.recovery.strategy = none
	metric.reporters = []
	metrics.num.samples = 2
	metrics.recording.level = INFO
	metrics.sample.window.ms = 30000
	partitioner.adaptive.partitioning.enable = true
	partitioner.availability.timeout.ms = 0
	partitioner.class = null
	partitioner.ignore.keys = false
	receive.buffer.bytes = 32768
	reconnect.backoff.max.ms = 1000
	reconnect.backoff.ms = 50
	request.timeout.ms = 30000
	retries = 2147483647
	retry.backoff.max.ms = 1000
	retry.backoff.ms = 100
	sasl.client.callback.handler.class = null
	sasl.jaas.config = null
	sasl.kerberos.kinit.cmd = /usr/bin/kinit
	sasl.kerberos.min.time.before.relogin = 60000
	sasl.kerberos.service.name = null
	sasl.kerberos.ticket.renew.jitter = 0.05
	sasl.kerberos.ticket.renew.window.factor = 0.8
	sasl.login.callback.handler.class = null
	sasl.login.class = null
	sasl.login.connect.timeout.ms = null
	sasl.login.read.timeout.ms = null
	sasl.login.refresh.buffer.seconds = 300
	sasl.login.refresh.min.period.seconds = 60
	sasl.login.refresh.window.factor = 0.8
	sasl.login.refresh.window.jitter = 0.05
	sasl.login.retry.backoff.max.ms = 10000
	sasl.login.retry.backoff.ms = 100
	sasl.mechanism = GSSAPI
	sasl.oauthbearer.clock.skew.seconds = 30
	sasl.oauthbearer.expected.audience = null
	sasl.oauthbearer.expected.issuer = null
	sasl.oauthbearer.header.urlencode = false
	sasl.oauthbearer.jwks.endpoint.refresh.ms = 3600000
	sasl.oauthbearer.jwks.endpoint.retry.backoff.max.ms = 10000
	sasl.oauthbearer.jwks.endpoint.retry.backoff.ms = 100
	sasl.oauthbearer.jwks.endpoint.url = null
	sasl.oauthbearer.scope.claim.name = scope
	sasl.oauthbearer.sub.claim.name = sub
	sasl.oauthbearer.token.endpoint.url = null
	security.protocol = PLAINTEXT
	security.providers = null
	send.buffer.bytes = 131072
	socket.connection.setup.timeout.max.ms = 30000
	socket.connection.setup.timeout.ms = 10000
	ssl.cipher.suites = null
	ssl.enabled.protocols = [TLSv1.2, TLSv1.3]
	ssl.endpoint.identification.algorithm = https
	ssl.engine.factory.class = null
	ssl.key.password = null
	ssl.keymanager.algorithm = SunX509
	ssl.keystore.certificate.chain = null
	ssl.keystore.key = null
	ssl.keystore.location = null
	ssl.keystore.password = null
	ssl.keystore.type = JKS
	ssl.protocol = TLSv1.3
	ssl.provider = null
	ssl.secure.random.implementation = null
	ssl.trustmanager.algorithm = PKIX
	ssl.truststore.certificates = null
	ssl.truststore.location = null
	ssl.truststore.password = null
	ssl.truststore.type = JKS
	transaction.timeout.ms = 60000
	transactional.id = null
	value.serializer = class org.apache.kafka.common.serialization.StringSerializer

2025-09-18T11:56:05.527-04:00  INFO 14166 --- [learning] [http-nio-8080-exec-2] o.a.k.c.t.i.KafkaMetricsCollector        : initializing Kafka metrics collector
2025-09-18T11:56:05.611-04:00  INFO 14166 --- [learning] [http-nio-8080-exec-2] o.a.k.clients.producer.KafkaProducer     : [Producer clientId=learning-producer-1] Instantiated an idempotent producer.
2025-09-18T11:56:05.640-04:00  INFO 14166 --- [learning] [http-nio-8080-exec-2] o.a.kafka.common.utils.AppInfoParser     : Kafka version: 3.9.1
2025-09-18T11:56:05.643-04:00  INFO 14166 --- [learning] [http-nio-8080-exec-2] o.a.kafka.common.utils.AppInfoParser     : Kafka commitId: f745dfdcee2b9851
2025-09-18T11:56:05.643-04:00  INFO 14166 --- [learning] [http-nio-8080-exec-2] o.a.kafka.common.utils.AppInfoParser     : Kafka startTimeMs: 1758210965638
2025-09-18T11:56:05.960-04:00  INFO 14166 --- [learning] [kafka-producer-network-thread | learning-producer-1] org.apache.kafka.clients.Metadata        : [Producer clientId=learning-producer-1] Cluster ID: WO1BykoeRSSqweZKvfXPuQ
2025-09-18T11:56:06.271-04:00  INFO 14166 --- [learning] [kafka-producer-network-thread | learning-producer-1] o.a.k.c.p.internals.TransactionManager   : [Producer clientId=learning-producer-1] ProducerId set to 3000 with epoch 0
2025-09-18T12:58:48.750-04:00  INFO 14166 --- [learning] [SpringApplicationShutdownHook] o.s.b.w.e.tomcat.GracefulShutdown        : Commencing graceful shutdown. Waiting for active requests to complete
2025-09-18T12:58:50.973-04:00  INFO 14166 --- [learning] [tomcat-shutdown] o.s.b.w.e.tomcat.GracefulShutdown        : Graceful shutdown complete
2025-09-18T12:58:51.181-04:00  INFO 14166 --- [learning] [SpringApplicationShutdownHook] o.a.k.clients.producer.KafkaProducer     : [Producer clientId=learning-producer-1] Closing the Kafka producer with timeoutMillis = 30000 ms.
2025-09-18T12:58:51.286-04:00  INFO 14166 --- [learning] [SpringApplicationShutdownHook] o.apache.kafka.common.metrics.Metrics    : Metrics scheduler closed
2025-09-18T12:58:51.288-04:00  INFO 14166 --- [learning] [SpringApplicationShutdownHook] o.apache.kafka.common.metrics.Metrics    : Closing reporter org.apache.kafka.common.metrics.JmxReporter
2025-09-18T12:58:51.289-04:00  INFO 14166 --- [learning] [SpringApplicationShutdownHook] o.apache.kafka.common.metrics.Metrics    : Closing reporter org.apache.kafka.common.telemetry.internals.ClientTelemetryReporter
2025-09-18T12:58:51.289-04:00  INFO 14166 --- [learning] [SpringApplicationShutdownHook] o.apache.kafka.common.metrics.Metrics    : Metrics reporters closed
2025-09-18T12:58:51.291-04:00  INFO 14166 --- [learning] [SpringApplicationShutdownHook] o.a.kafka.common.utils.AppInfoParser     : App info kafka.producer for learning-producer-1 unregistered
